<?xml version="1.0" encoding="UTF-8"?>
<!-- Generated by org.testng.reporters.JUnitXMLReporter -->
<testsuite ignored="1" hostname="DESKTOP-MH4DI5O" failures="0" tests="1" name="Default test" time="95.752" errors="0" timestamp="2025-11-24T15:19:33 IST">
  <testcase classname="tests.LoginTest" name="testValidLogin" time="23.32"/>
  <testcase classname="tests.LoginTest" name="testLoginWithInValidCredentials" time="0.0">
    <ignored/>
  </testcase> <!-- testLoginWithInValidCredentials -->
</testsuite> <!-- Default test -->
