<?xml version="1.0" encoding="UTF-8"?>
<testng-results ignored="0" total="1" passed="1" failed="0" skipped="0">
  <reporter-output>
  </reporter-output>
  <suite started-at="2025-11-21T13:04:17 IST" name="Default suite" finished-at="2025-11-21T13:05:31 IST" duration-ms="73024">
    <groups>
    </groups>
    <test started-at="2025-11-21T13:04:17 IST" name="Default test" finished-at="2025-11-21T13:05:31 IST" duration-ms="73024">
      <class name="tests.LoginTest">
        <test-method is-config="true" signature="setUp()[pri:0, instance:tests.LoginTest@55b699ef]" started-at="2025-11-21T13:04:18 IST" name="setUp" finished-at="2025-11-21T13:05:12 IST" duration-ms="54570" status="PASS">
          <reporter-output>
          </reporter-output>
        </test-method> <!-- setUp -->
        <test-method signature="testValidLogin()[pri:0, instance:tests.LoginTest@55b699ef]" started-at="2025-11-21T13:05:12 IST" name="testValidLogin" finished-at="2025-11-21T13:05:23 IST" duration-ms="10815" status="PASS">
          <reporter-output>
          </reporter-output>
        </test-method> <!-- testValidLogin -->
        <test-method is-config="true" signature="tearDown()[pri:0, instance:tests.LoginTest@55b699ef]" started-at="2025-11-21T13:05:23 IST" name="tearDown" finished-at="2025-11-21T13:05:31 IST" duration-ms="7484" status="PASS">
          <reporter-output>
          </reporter-output>
        </test-method> <!-- tearDown -->
      </class> <!-- tests.LoginTest -->
    </test> <!-- Default test -->
  </suite> <!-- Default suite -->
</testng-results>
