<?xml version="1.0" encoding="UTF-8"?>
<testng-results ignored="0" total="1" passed="1" failed="0" skipped="0">
  <reporter-output>
  </reporter-output>
  <suite started-at="2025-11-20T16:41:35 IST" name="LoginSuite" finished-at="2025-11-20T16:42:18 IST" duration-ms="43255">
    <groups>
    </groups>
    <test started-at="2025-11-20T16:41:35 IST" name="LoginTests" finished-at="2025-11-20T16:42:18 IST" duration-ms="43255">
      <class name="tests.LoginTest">
        <test-method is-config="true" signature="setUp()[pri:0, instance:tests.LoginTest@59662a0b]" started-at="2025-11-20T16:41:35 IST" name="setUp" finished-at="2025-11-20T16:42:10 IST" duration-ms="35304" status="PASS">
          <reporter-output>
          </reporter-output>
        </test-method> <!-- setUp -->
        <test-method signature="testValidLogin()[pri:0, instance:tests.LoginTest@59662a0b]" started-at="2025-11-20T16:42:10 IST" name="testValidLogin" finished-at="2025-11-20T16:42:14 IST" duration-ms="3769" status="PASS">
          <reporter-output>
          </reporter-output>
        </test-method> <!-- testValidLogin -->
        <test-method is-config="true" signature="tearDown()[pri:0, instance:tests.LoginTest@59662a0b]" started-at="2025-11-20T16:42:14 IST" name="tearDown" finished-at="2025-11-20T16:42:18 IST" duration-ms="4091" status="PASS">
          <reporter-output>
          </reporter-output>
        </test-method> <!-- tearDown -->
      </class> <!-- tests.LoginTest -->
    </test> <!-- LoginTests -->
  </suite> <!-- LoginSuite -->
</testng-results>
