<?xml version="1.0" encoding="UTF-8"?>
<testng-results ignored="0" total="1" passed="1" failed="0" skipped="0">
  <reporter-output>
  </reporter-output>
  <suite started-at="2025-11-24T15:17:57 IST" name="Default suite" finished-at="2025-11-24T15:19:33 IST" duration-ms="95752">
    <groups>
    </groups>
    <test started-at="2025-11-24T15:17:57 IST" name="Default test" finished-at="2025-11-24T15:19:33 IST" duration-ms="95752">
      <class name="tests.LoginTest">
        <test-method is-config="true" signature="setUpReport()[pri:0, instance:tests.LoginTest@6025e1b6]" started-at="2025-11-24T15:17:56 IST" name="setUpReport" finished-at="2025-11-24T15:17:57 IST" duration-ms="1154" status="PASS">
          <reporter-output>
          </reporter-output>
        </test-method> <!-- setUpReport -->
        <test-method is-config="true" signature="setUp()[pri:0, instance:tests.LoginTest@6025e1b6]" started-at="2025-11-24T15:17:58 IST" name="setUp" finished-at="2025-11-24T15:18:58 IST" duration-ms="60607" status="PASS">
          <reporter-output>
          </reporter-output>
        </test-method> <!-- setUp -->
        <test-method signature="testValidLogin()[pri:0, instance:tests.LoginTest@6025e1b6]" started-at="2025-11-24T15:18:58 IST" name="testValidLogin" finished-at="2025-11-24T15:19:21 IST" duration-ms="23320" status="PASS">
          <reporter-output>
          </reporter-output>
        </test-method> <!-- testValidLogin -->
        <test-method is-config="true" signature="tearDown(org.testng.ITestResult)[pri:0, instance:tests.LoginTest@6025e1b6]" started-at="2025-11-24T15:19:22 IST" name="tearDown" finished-at="2025-11-24T15:19:33 IST" duration-ms="11669" status="PASS">
          <params>
            <param index="0">
              <value>
                <![CDATA[[TestResult name=testValidLogin status=SUCCESS method=LoginTest.testValidLogin()[pri:0, instance:tests.LoginTest@6025e1b6] output={null}]]]>
              </value>
            </param>
          </params>
          <reporter-output>
          </reporter-output>
        </test-method> <!-- tearDown -->
        <test-method is-config="true" signature="tearDownReport()[pri:0, instance:tests.LoginTest@6025e1b6]" started-at="2025-11-24T15:19:34 IST" name="tearDownReport" finished-at="2025-11-24T15:19:35 IST" duration-ms="1257" status="PASS">
          <reporter-output>
          </reporter-output>
        </test-method> <!-- tearDownReport -->
      </class> <!-- tests.LoginTest -->
    </test> <!-- Default test -->
  </suite> <!-- Default suite -->
</testng-results>
