<?xml version="1.0" encoding="UTF-8"?>
<testng-results ignored="0" total="1" passed="1" failed="0" skipped="0">
  <reporter-output>
  </reporter-output>
  <suite started-at="2025-11-20T15:22:19 IST" name="LoginSuite" finished-at="2025-11-20T15:23:17 IST" duration-ms="58557">
    <groups>
    </groups>
    <test started-at="2025-11-20T15:22:19 IST" name="LoginTests" finished-at="2025-11-20T15:23:17 IST" duration-ms="58557">
      <class name="tests.LoginTest">
        <test-method is-config="true" signature="setUp()[pri:0, instance:tests.LoginTest@59662a0b]" started-at="2025-11-20T15:22:19 IST" name="setUp" finished-at="2025-11-20T15:23:00 IST" duration-ms="41058" status="PASS">
          <reporter-output>
          </reporter-output>
        </test-method> <!-- setUp -->
        <test-method signature="testValidLogin()[pri:0, instance:tests.LoginTest@59662a0b]" started-at="2025-11-20T15:23:00 IST" name="testValidLogin" finished-at="2025-11-20T15:23:12 IST" duration-ms="12327" status="PASS">
          <reporter-output>
          </reporter-output>
        </test-method> <!-- testValidLogin -->
        <test-method is-config="true" signature="tearDown()[pri:0, instance:tests.LoginTest@59662a0b]" started-at="2025-11-20T15:23:12 IST" name="tearDown" finished-at="2025-11-20T15:23:17 IST" duration-ms="5051" status="PASS">
          <reporter-output>
          </reporter-output>
        </test-method> <!-- tearDown -->
      </class> <!-- tests.LoginTest -->
    </test> <!-- LoginTests -->
  </suite> <!-- LoginSuite -->
</testng-results>
